#
# There is insufficient memory for the Java Runtime Environment to continue.
# Native memory allocation (malloc) failed to allocate 718896 bytes for Chunk::new
# Possible reasons:
#   The system is out of physical RAM or swap space
#   In 32 bit mode, the process size limit was hit
# Possible solutions:
#   Reduce memory load on the system
#   Increase physical memory or swap space
#   Check if swap backing store is full
#   Use 64 bit Java on a 64 bit OS
#   Decrease Java heap size (-Xmx/-Xms)
#   Decrease number of Java threads
#   Decrease Java thread stack sizes (-Xss)
#   Set larger code cache with -XX:ReservedCodeCacheSize=
# This output file may be truncated or incomplete.
#
#  Out of Memory Error (allocation.cpp:390), pid=2616, tid=0x00000000000026e0
#
# JRE version: Java(TM) SE Runtime Environment (8.0_191-b12) (build 1.8.0_191-b12)
# Java VM: Java HotSpot(TM) 64-Bit Server VM (25.191-b12 mixed mode windows-amd64 compressed oops)
# Failed to write core dump. Minidumps are not enabled by default on client versions of Windows
#

---------------  T H R E A D  ---------------

Current thread (0x000000001768c800):  JavaThread "C2 CompilerThread0" daemon [_thread_in_native, id=9952, stack(0x00000000186d0000,0x00000000187d0000)]

Stack: [0x00000000186d0000,0x00000000187d0000]
[error occurred during error reporting (printing stack bounds), id 0xc0000005]

Native frames: (J=compiled Java code, j=interpreted, Vv=VM code, C=native code)


Current CompileTask:
C2:   5767 2364   !   4       java.net.URL::<init> (543 bytes)


---------------  P R O C E S S  ---------------

Java Threads: ( => current thread )
  0x00000000196f6800 JavaThread "Thread-2" daemon [_thread_blocked, id=1804, stack(0x000000001b1f0000,0x000000001b2f0000)]
  0x000000001911e800 JavaThread "Thread-4" daemon [_thread_in_vm, id=4048, stack(0x000000001b0f0000,0x000000001b1f0000)]
  0x0000000018f12800 JavaThread "Thread-3" daemon [_thread_blocked, id=3344, stack(0x000000001aff0000,0x000000001b0f0000)]
  0x000000001770b000 JavaThread "Service Thread" daemon [_thread_blocked, id=12876, stack(0x00000000188d0000,0x00000000189d0000)]
  0x00000000176d7800 JavaThread "C1 CompilerThread1" daemon [_thread_blocked, id=12644, stack(0x00000000187d0000,0x00000000188d0000)]
=>0x000000001768c800 JavaThread "C2 CompilerThread0" daemon [_thread_in_native, id=9952, stack(0x00000000186d0000,0x00000000187d0000)]
  0x0000000017689800 JavaThread "Attach Listener" daemon [_thread_blocked, id=12556, stack(0x00000000185d0000,0x00000000186d0000)]
  0x0000000017686000 JavaThread "Signal Dispatcher" daemon [_thread_blocked, id=8532, stack(0x00000000184d0000,0x00000000185d0000)]
  0x0000000002d6a800 JavaThread "Finalizer" daemon [_thread_blocked, id=956, stack(0x00000000182c0000,0x00000000183c0000)]
  0x0000000017678000 JavaThread "Reference Handler" daemon [_thread_blocked, id=7908, stack(0x00000000181c0000,0x00000000182c0000)]
  0x0000000002c72800 JavaThread "main" [_thread_blocked, id=11660, stack(0x0000000002b70000,0x0000000002c70000)]

Other Threads:
  0x0000000017657000 VMThread [stack: 0x00000000180c0000,0x00000000181c0000] [id=9828]
  0x000000001770d000 WatcherThread [stack: 0x0000000018b20000,0x0000000018c20000] [id=2004]

VM state:synchronizing (normal execution)

VM Mutex/Monitor currently owned by a thread:  ([mutex/lock_event])
[0x0000000002b6dca0] Threads_lock - owner thread: 0x0000000017657000

Heap:
 PSYoungGen      total 38400K, used 22103K [0x00000000d5d00000, 0x00000000da800000, 0x0000000100000000)
  eden space 33280K, 51% used [0x00000000d5d00000,0x00000000d6d9dbe8,0x00000000d7d80000)
  from space 5120K, 99% used [0x00000000d7d80000,0x00000000d8278020,0x00000000d8280000)
  to   space 5120K, 0% used [0x00000000da300000,0x00000000da300000,0x00000000da800000)
 ParOldGen       total 87552K, used 3947K [0x0000000081600000, 0x0000000086b80000, 0x00000000d5d00000)
  object space 87552K, 4% used [0x0000000081600000,0x00000000819daf88,0x0000000086b80000)
 Metaspace       used 16238K, capacity 16630K, committed 17024K, reserved 1064960K
  class space    used 1946K, capacity 2054K, committed 2176K, reserved 1048576K

Card table byte_map: [0x0000000012130000,0x0000000012530000] byte_map_base: 0x0000000011d25000

Marking Bits: (ParMarkBitMap*) 0x000000005d8e3e30
 Begin Bits: [0x00000000129e0000, 0x0000000014988000)
 End Bits:   [0x0000000014988000, 0x0000000016930000)

Polling page: 0x0000000001120000

CodeCache: size=245760Kb used=7958Kb max_used=7958Kb free=237801Kb
 bounds [0x0000000002d70000, 0x0000000003540000, 0x0000000011d70000]
 total_blobs=2741 nmethods=2382 adapters=272
 compilation: enabled

Compilation events (10 events):
Event: 5.703 Thread 0x00000000176d7800 2378   !   3       org.codehaus.plexus.classworlds.realm.ClassRealm::unsynchronizedLoadClass (19 bytes)
Event: 5.703 Thread 0x00000000176d7800 nmethod 2378 0x0000000003539d50 code [0x0000000003539ec0, 0x000000000353a158]
Event: 5.709 Thread 0x00000000176d7800 2380       3       java.lang.StringBuffer::<init> (7 bytes)
Event: 5.709 Thread 0x00000000176d7800 nmethod 2380 0x000000000353a250 code [0x000000000353a3c0, 0x000000000353a670]
Event: 5.710 Thread 0x00000000176d7800 2381       3       java.lang.ProcessEnvironment$CheckedEntry::getKey (5 bytes)
Event: 5.711 Thread 0x00000000176d7800 nmethod 2381 0x000000000353a790 code [0x000000000353a900, 0x000000000353ac68]
Event: 5.711 Thread 0x00000000176d7800 2382       3       java.lang.ProcessEnvironment$CheckedEntry::getKey (13 bytes)
Event: 5.711 Thread 0x00000000176d7800 nmethod 2382 0x000000000353ad90 code [0x000000000353af00, 0x000000000353b208]
Event: 5.711 Thread 0x00000000176d7800 2383       3       java.lang.ProcessEnvironment$EntryComparator::compare (13 bytes)
Event: 5.711 Thread 0x00000000176d7800 nmethod 2383 0x000000000353b2d0 code [0x000000000353b4a0, 0x000000000353bd48]

GC Heap History (6 events):
Event: 1.987 GC heap before
{Heap before GC invocations=1 (full 0):
 PSYoungGen      total 38400K, used 33280K [0x00000000d5d00000, 0x00000000d8780000, 0x0000000100000000)
  eden space 33280K, 100% used [0x00000000d5d00000,0x00000000d7d80000,0x00000000d7d80000)
  from space 5120K, 0% used [0x00000000d8280000,0x00000000d8280000,0x00000000d8780000)
  to   space 5120K, 0% used [0x00000000d7d80000,0x00000000d7d80000,0x00000000d8280000)
 ParOldGen       total 87552K, used 0K [0x0000000081600000, 0x0000000086b80000, 0x00000000d5d00000)
  object space 87552K, 0% used [0x0000000081600000,0x0000000081600000,0x0000000086b80000)
 Metaspace       used 8296K, capacity 8380K, committed 8576K, reserved 1056768K
  class space    used 999K, capacity 1048K, committed 1152K, reserved 1048576K
Event: 2.004 GC heap after
Heap after GC invocations=1 (full 0):
 PSYoungGen      total 38400K, used 5092K [0x00000000d5d00000, 0x00000000d8780000, 0x0000000100000000)
  eden space 33280K, 0% used [0x00000000d5d00000,0x00000000d5d00000,0x00000000d7d80000)
  from space 5120K, 99% used [0x00000000d7d80000,0x00000000d8279218,0x00000000d8280000)
  to   space 5120K, 0% used [0x00000000d8280000,0x00000000d8280000,0x00000000d8780000)
 ParOldGen       total 87552K, used 143K [0x0000000081600000, 0x0000000086b80000, 0x00000000d5d00000)
  object space 87552K, 0% used [0x0000000081600000,0x0000000081623cf8,0x0000000086b80000)
 Metaspace       used 8296K, capacity 8380K, committed 8576K, reserved 1056768K
  class space    used 999K, capacity 1048K, committed 1152K, reserved 1048576K
}
Event: 2.837 GC heap before
{Heap before GC invocations=2 (full 0):
 PSYoungGen      total 38400K, used 38372K [0x00000000d5d00000, 0x00000000d8780000, 0x0000000100000000)
  eden space 33280K, 100% used [0x00000000d5d00000,0x00000000d7d80000,0x00000000d7d80000)
  from space 5120K, 99% used [0x00000000d7d80000,0x00000000d8279218,0x00000000d8280000)
  to   space 5120K, 0% used [0x00000000d8280000,0x00000000d8280000,0x00000000d8780000)
 ParOldGen       total 87552K, used 143K [0x0000000081600000, 0x0000000086b80000, 0x00000000d5d00000)
  object space 87552K, 0% used [0x0000000081600000,0x0000000081623cf8,0x0000000086b80000)
 Metaspace       used 11710K, capacity 11874K, committed 12160K, reserved 1060864K
  class space    used 1447K, capacity 1544K, committed 1664K, reserved 1048576K
Event: 2.857 GC heap after
Heap after GC invocations=2 (full 0):
 PSYoungGen      total 38400K, used 5107K [0x00000000d5d00000, 0x00000000da800000, 0x0000000100000000)
  eden space 33280K, 0% used [0x00000000d5d00000,0x00000000d5d00000,0x00000000d7d80000)
  from space 5120K, 99% used [0x00000000d8280000,0x00000000d877cec0,0x00000000d8780000)
  to   space 5120K, 0% used [0x00000000d7d80000,0x00000000d7d80000,0x00000000d8280000)
 ParOldGen       total 87552K, used 1970K [0x0000000081600000, 0x0000000086b80000, 0x00000000d5d00000)
  object space 87552K, 2% used [0x0000000081600000,0x00000000817eca10,0x0000000086b80000)
 Metaspace       used 11710K, capacity 11874K, committed 12160K, reserved 1060864K
  class space    used 1447K, capacity 1544K, committed 1664K, reserved 1048576K
}
Event: 4.358 GC heap before
{Heap before GC invocations=3 (full 0):
 PSYoungGen      total 38400K, used 38387K [0x00000000d5d00000, 0x00000000da800000, 0x0000000100000000)
  eden space 33280K, 100% used [0x00000000d5d00000,0x00000000d7d80000,0x00000000d7d80000)
  from space 5120K, 99% used [0x00000000d8280000,0x00000000d877cec0,0x00000000d8780000)
  to   space 5120K, 0% used [0x00000000d7d80000,0x00000000d7d80000,0x00000000d8280000)
 ParOldGen       total 87552K, used 1970K [0x0000000081600000, 0x0000000086b80000, 0x00000000d5d00000)
  object space 87552K, 2% used [0x0000000081600000,0x00000000817eca10,0x0000000086b80000)
 Metaspace       used 15221K, capacity 15530K, committed 15744K, reserved 1062912K
  class space    used 1833K, capacity 1918K, committed 1920K, reserved 1048576K
Event: 4.374 GC heap after
Heap after GC invocations=3 (full 0):
 PSYoungGen      total 38400K, used 5088K [0x00000000d5d00000, 0x00000000da800000, 0x0000000100000000)
  eden space 33280K, 0% used [0x00000000d5d00000,0x00000000d5d00000,0x00000000d7d80000)
  from space 5120K, 99% used [0x00000000d7d80000,0x00000000d8278020,0x00000000d8280000)
  to   space 5120K, 0% used [0x00000000da300000,0x00000000da300000,0x00000000da800000)
 ParOldGen       total 87552K, used 3947K [0x0000000081600000, 0x0000000086b80000, 0x00000000d5d00000)
  object space 87552K, 4% used [0x0000000081600000,0x00000000819daf88,0x0000000086b80000)
 Metaspace       used 15221K, capacity 15530K, committed 15744K, reserved 1062912K
  class space    used 1833K, capacity 1918K, committed 1920K, reserved 1048576K
}

Deoptimization events (10 events):
Event: 4.177 Thread 0x0000000002c72800 Uncommon trap: reason=unstable_if action=reinterpret pc=0x0000000003318fdc method=org.codehaus.plexus.util.xml.pull.MXParser.isS(C)Z @ 21
Event: 4.216 Thread 0x0000000002c72800 Uncommon trap: reason=unstable_if action=reinterpret pc=0x0000000002ffc6c4 method=sun.nio.cs.UTF_8$Decoder.decode([BII[C)I @ 30
Event: 4.240 Thread 0x0000000002c72800 Uncommon trap: reason=unstable_if action=reinterpret pc=0x0000000003021b14 method=sun.nio.cs.UTF_8$Decoder.decodeArrayLoop(Ljava/nio/ByteBuffer;Ljava/nio/CharBuffer;)Ljava/nio/charset/CoderResult; @ 84
Event: 4.308 Thread 0x0000000002c72800 Uncommon trap: reason=unstable_if action=reinterpret pc=0x00000000030de7a0 method=java.lang.String.regionMatches(ZILjava/lang/String;II)Z @ 25
Event: 4.477 Thread 0x0000000002c72800 Uncommon trap: reason=unstable_if action=reinterpret pc=0x00000000030dd6b8 method=java.util.HashMap.getNode(ILjava/lang/Object;)Ljava/util/HashMap$Node; @ 53
Event: 5.413 Thread 0x0000000002c72800 Uncommon trap: reason=predicate action=maybe_recompile pc=0x00000000033d3328 method=java.nio.charset.CharsetDecoder.decode(Ljava/nio/ByteBuffer;Ljava/nio/CharBuffer;Z)Ljava/nio/charset/CoderResult; @ 54
Event: 5.559 Thread 0x0000000002c72800 Uncommon trap: reason=class_check action=maybe_recompile pc=0x0000000003268b88 method=com.google.inject.internal.LinkedBindingImpl.acceptTargetVisitor(Lcom/google/inject/spi/BindingTargetVisitor;)Ljava/lang/Object; @ 2
Event: 5.559 Thread 0x0000000002c72800 Uncommon trap: reason=class_check action=maybe_recompile pc=0x0000000003268b88 method=com.google.inject.internal.LinkedBindingImpl.acceptTargetVisitor(Lcom/google/inject/spi/BindingTargetVisitor;)Ljava/lang/Object; @ 2
Event: 5.622 Thread 0x0000000002c72800 Uncommon trap: reason=class_check action=maybe_recompile pc=0x0000000003268b88 method=com.google.inject.internal.LinkedBindingImpl.acceptTargetVisitor(Lcom/google/inject/spi/BindingTargetVisitor;)Ljava/lang/Object; @ 2
Event: 5.622 Thread 0x0000000002c72800 Uncommon trap: reason=class_check action=maybe_recompile pc=0x0000000003268b88 method=com.google.inject.internal.LinkedBindingImpl.acceptTargetVisitor(Lcom/google/inject/spi/BindingTargetVisitor;)Ljava/lang/Object; @ 2

Classes redefined (0 events):
No events

Internal exceptions (10 events):
Event: 3.488 Thread 0x0000000002c72800 Exception <a 'java/lang/NullPointerException'> (0x00000000d6bad338) thrown at [C:\re\workspace\8-2-build-windows-amd64-cygwin\jdk8u191\11896\hotspot\src\share\vm\interpreter\linkResolver.cpp, line 1185]
Event: 3.488 Thread 0x0000000002c72800 Exception <a 'java/lang/NullPointerException'> (0x00000000d6bad550) thrown at [C:\re\workspace\8-2-build-windows-amd64-cygwin\jdk8u191\11896\hotspot\src\share\vm\interpreter\linkResolver.cpp, line 1185]
Event: 3.488 Thread 0x0000000002c72800 Exception <a 'java/lang/NullPointerException'> (0x00000000d6bad768) thrown at [C:\re\workspace\8-2-build-windows-amd64-cygwin\jdk8u191\11896\hotspot\src\share\vm\interpreter\linkResolver.cpp, line 1185]
Event: 3.489 Thread 0x0000000002c72800 Exception <a 'java/lang/NullPointerException'> (0x00000000d6bb5770) thrown at [C:\re\workspace\8-2-build-windows-amd64-cygwin\jdk8u191\11896\hotspot\src\share\vm\interpreter\linkResolver.cpp, line 1185]
Event: 3.489 Thread 0x0000000002c72800 Exception <a 'java/lang/NullPointerException'> (0x00000000d6bb5988) thrown at [C:\re\workspace\8-2-build-windows-amd64-cygwin\jdk8u191\11896\hotspot\src\share\vm\interpreter\linkResolver.cpp, line 1185]
Event: 3.489 Thread 0x0000000002c72800 Exception <a 'java/lang/NullPointerException'> (0x00000000d6bb5ba0) thrown at [C:\re\workspace\8-2-build-windows-amd64-cygwin\jdk8u191\11896\hotspot\src\share\vm\interpreter\linkResolver.cpp, line 1185]
Event: 3.915 Thread 0x0000000002c72800 Implicit null exception at 0x00000000030eb99b to 0x00000000030ebe09
Event: 3.915 Thread 0x0000000002c72800 Implicit null exception at 0x000000000311e195 to 0x000000000311e36d
Event: 3.915 Thread 0x0000000002c72800 Implicit null exception at 0x00000000030ce12f to 0x00000000030ce199
Event: 4.006 Thread 0x0000000002c72800 Implicit null exception at 0x0000000003369aef to 0x0000000003369d31

Events (10 events):
Event: 5.708 loading class org/apache/commons/exec/environment/OpenVmsProcessingEnvironment
Event: 5.708 loading class org/apache/commons/exec/environment/OpenVmsProcessingEnvironment done
Event: 5.708 loading class org/apache/commons/exec/environment/OpenVmsProcessingEnvironment
Event: 5.708 loading class org/apache/commons/exec/environment/OpenVmsProcessingEnvironment done
Event: 5.709 loading class java/lang/ProcessBuilder
Event: 5.709 loading class java/lang/ProcessBuilder done
Event: 5.709 loading class java/lang/ProcessImpl
Event: 5.710 loading class java/lang/Process
Event: 5.710 loading class java/lang/Process done
Event: 5.710 loading class java/lang/ProcessImpl done


Dynamic libraries:
0x00007ff6879c0000 - 0x00007ff6879f7000 	C:\Program Files\Java\jdk1.8.0_191\bin\java.exe
0x00007ffc33680000 - 0x00007ffc33861000 	C:\WINDOWS\SYSTEM32\ntdll.dll
0x00007ffc0f4f0000 - 0x00007ffc0f503000 	C:\Program Files\AVAST Software\Avast\aswhook.dll
0x00007ffc31d80000 - 0x00007ffc31e31000 	C:\WINDOWS\System32\KERNEL32.DLL
0x00007ffc304a0000 - 0x00007ffc30713000 	C:\WINDOWS\System32\KERNELBASE.dll
0x00007ffc31590000 - 0x00007ffc31631000 	C:\WINDOWS\System32\ADVAPI32.dll
0x00007ffc31fd0000 - 0x00007ffc3206e000 	C:\WINDOWS\System32\msvcrt.dll
0x00007ffc335e0000 - 0x00007ffc3363b000 	C:\WINDOWS\System32\sechost.dll
0x00007ffc31ea0000 - 0x00007ffc31fc4000 	C:\WINDOWS\System32\RPCRT4.dll
0x00007ffc317c0000 - 0x00007ffc31950000 	C:\WINDOWS\System32\USER32.dll
0x00007ffc2fb00000 - 0x00007ffc2fb20000 	C:\WINDOWS\System32\win32u.dll
0x00007ffc31c80000 - 0x00007ffc31ca8000 	C:\WINDOWS\System32\GDI32.dll
0x00007ffc30720000 - 0x00007ffc308b1000 	C:\WINDOWS\System32\gdi32full.dll
0x00007ffc2fcf0000 - 0x00007ffc2fd8f000 	C:\WINDOWS\System32\msvcp_win.dll
0x00007ffc2fb20000 - 0x00007ffc2fc18000 	C:\WINDOWS\System32\ucrtbase.dll
0x00007ffc1b680000 - 0x00007ffc1b8e9000 	C:\WINDOWS\WinSxS\amd64_microsoft.windows.common-controls_6595b64144ccf1df_6.0.17134.950_none_fb3da4273069d3e0\COMCTL32.dll
0x00007ffc31950000 - 0x00007ffc31c72000 	C:\WINDOWS\System32\combase.dll
0x00007ffc2fc70000 - 0x00007ffc2fce9000 	C:\WINDOWS\System32\bcryptPrimitives.dll
0x00007ffc30be0000 - 0x00007ffc30c0d000 	C:\WINDOWS\System32\IMM32.DLL
0x000000005cfe0000 - 0x000000005d0b2000 	C:\Program Files\Java\jdk1.8.0_191\jre\bin\msvcr100.dll
0x000000005d0c0000 - 0x000000005d964000 	C:\Program Files\Java\jdk1.8.0_191\jre\bin\server\jvm.dll
0x00007ffc30cb0000 - 0x00007ffc30cb8000 	C:\WINDOWS\System32\PSAPI.DLL
0x00007ffc1e520000 - 0x00007ffc1e529000 	C:\WINDOWS\SYSTEM32\WSOCK32.dll
0x00007ffc30b10000 - 0x00007ffc30b7c000 	C:\WINDOWS\System32\WS2_32.dll
0x00007ffc2dc80000 - 0x00007ffc2dca3000 	C:\WINDOWS\SYSTEM32\WINMM.dll
0x00007ffc2b4b0000 - 0x00007ffc2b4ba000 	C:\WINDOWS\SYSTEM32\VERSION.dll
0x00007ffc2dc50000 - 0x00007ffc2dc7a000 	C:\WINDOWS\SYSTEM32\WINMMBASE.dll
0x00007ffc2fc20000 - 0x00007ffc2fc69000 	C:\WINDOWS\System32\cfgmgr32.dll
0x000000005cf90000 - 0x000000005cf9f000 	C:\Program Files\Java\jdk1.8.0_191\jre\bin\verify.dll
0x000000005cf60000 - 0x000000005cf89000 	C:\Program Files\Java\jdk1.8.0_191\jre\bin\java.dll
0x000000005cf40000 - 0x000000005cf56000 	C:\Program Files\Java\jdk1.8.0_191\jre\bin\zip.dll
0x00007ffc320f0000 - 0x00007ffc33530000 	C:\WINDOWS\System32\SHELL32.dll
0x00007ffc33530000 - 0x00007ffc335d9000 	C:\WINDOWS\System32\shcore.dll
0x00007ffc2fd90000 - 0x00007ffc3049d000 	C:\WINDOWS\System32\windows.storage.dll
0x00007ffc30b80000 - 0x00007ffc30bd1000 	C:\WINDOWS\System32\shlwapi.dll
0x00007ffc2f990000 - 0x00007ffc2f9a1000 	C:\WINDOWS\System32\kernel.appcore.dll
0x00007ffc2fa00000 - 0x00007ffc2fa1f000 	C:\WINDOWS\System32\profapi.dll
0x00007ffc2f9b0000 - 0x00007ffc2f9fc000 	C:\WINDOWS\System32\powrprof.dll
0x00007ffc2fa40000 - 0x00007ffc2fa4a000 	C:\WINDOWS\System32\FLTLIB.DLL
0x00007ffc2b7b0000 - 0x00007ffc2b7ba000 	C:\LPI4\apache-maven-3.6.3\lib\jansi-native\windows64\jansi.dll
0x000000005cf20000 - 0x000000005cf3a000 	C:\Program Files\Java\jdk1.8.0_191\jre\bin\net.dll
0x00007ffc2f210000 - 0x00007ffc2f276000 	C:\WINDOWS\system32\mswsock.dll
0x000000005cf00000 - 0x000000005cf11000 	C:\Program Files\Java\jdk1.8.0_191\jre\bin\nio.dll

VM Arguments:
jvm_args: -Dclassworlds.conf=C:\LPI4\apache-maven-3.6.3\bin\..\bin\m2.conf -Dmaven.home=C:\LPI4\apache-maven-3.6.3\bin\.. -Dlibrary.jansi.path=C:\LPI4\apache-maven-3.6.3\bin\..\lib\jansi-native -Dmaven.multiModuleProjectDirectory=C:\Users\Rodrigo\Documents\NetBeansProjects\AlunoService 
java_command: org.codehaus.plexus.classworlds.launcher.Launcher -Dexec.args=-classpath %classpath br.ifms.tsi.ipli.alunoservice.Servidor -Dexec.executable=C:\Program Files\Java\jdk1.8.0_191\bin\java.exe -Dmaven.ext.class.path=C:\Program Files\NetBeans 8.2\java\maven-nblib\netbeans-eventspy.jar -Dfile.encoding=UTF-8 org.codehaus.mojo:exec-maven-plugin:1.2.1:exec
java_class_path (initial): C:\LPI4\apache-maven-3.6.3\bin\..\boot\plexus-classworlds-2.6.0.jar
Launcher Type: SUN_STANDARD

Environment Variables:
JAVA_HOME=C:\Program Files\Java\jdk1.8.0_191
PATH=C:\LPI4\apache-maven-3.6.3\bin;C:\WINDOWS\system32;C:\WINDOWS;C:\WINDOWS\System32\Wbem;C:\WINDOWS\System32\WindowsPowerShell\v1.0\;C:\WINDOWS\System32\OpenSSH\;C:\xampp\php\php.exe;C:\Program Files\nodejs\;C:\Program Files\Git\cmd;%JAVA_HOME%\bin;%CATALINA_HOME%\bin;C:\LPI4\apache-maven-3.6.3\bin;C:\Users\Rodrigo\AppData\Local\Programs\Microsoft VS Code\bin;C:\Users\Rodrigo\AppData\Roaming\npm;C:\Program Files\Java\jdk1.8.0_191\bin;C:\LPI4\apache-tomcat-9.0.30-windows-x64\apache-tomcat-9.0.30\bin;
USERNAME=Rodrigo
OS=Windows_NT
PROCESSOR_IDENTIFIER=Intel64 Family 6 Model 142 Stepping 9, GenuineIntel



---------------  S Y S T E M  ---------------

OS: Windows 10.0 , 64 bit Build 17134 (10.0.17134.753)

CPU:total 2 (initial active 2) (2 cores per cpu, 1 threads per core) family 6 model 142 stepping 9, cmov, cx8, fxsr, mmx, sse, sse2, sse3, ssse3, sse4.1, sse4.2, popcnt, aes, clmul, erms, 3dnowpref, lzcnt, tsc, tscinvbit

Memory: 4k page, physical 8296568k(732588k free), swap 33462392k(816k free)

vm_info: Java HotSpot(TM) 64-Bit Server VM (25.191-b12) for windows-amd64 JRE (1.8.0_191-b12), built on Oct  6 2018 09:29:03 by "java_re" with MS VC++ 10.0 (VS2010)

time: Tue May 05 11:36:25 2020
elapsed time: 5 seconds (0d 0h 0m 5s)

