#
# There is insufficient memory for the Java Runtime Environment to continue.
# Native memory allocation (malloc) failed to allocate 32744 bytes for ChunkPool::allocate
# Possible reasons:
#   The system is out of physical RAM or swap space
#   In 32 bit mode, the process size limit was hit
# Possible solutions:
#   Reduce memory load on the system
#   Increase physical memory or swap space
#   Check if swap backing store is full
#   Use 64 bit Java on a 64 bit OS
#   Decrease Java heap size (-Xmx/-Xms)
#   Decrease number of Java threads
#
#  Out of Memory Error
#
# ]1062       4       sun.nio.ch.SelectorImpl::select (34 bytes)
Event: 6392.613 Thread 0x0000000016f7c800 nmethod 1062 0x000000000276c150 code [0x000000000276c2a0, 0x000000000276c368]
Event: 6393.612 Thread 0x0000000016f7c800 1063       4       sun.nio.ch.Util$3::iterator (10 bytes)
Event: 6393.625 Thread 0x0000000016f7c800 nmethod 1063 0x0000000002a0b850 code [0x0000000002a0b9c0, 0x0000000002a0bd98]
Event: 6396.662 Thread 0x0000000016fd6800 1064       1       java.util.TaskQueue::getMin (7 bytes)
Event: 6396.710 Thread 0x0000000016fd6800 nmethod 1064 0x0000000002791c90 code [0x0000000002791de0, 0x0000000002791f10]
Event: 6465.587 Thread 0x0000000016f7c800 1065       4       sun.net.www.ParseUtil::encodePath (336 bytes)
Event: 6465.612 Thread 0x0000000016f7c800 nmethod 1065 0x0000000002a0dbd0 code [0x0000000002a0dd80, 0x0000000002a0e878]
Event: 6871.198 Thread 0x0000000016f7c800 1066       4       java.io.WinNTFileSystem::normalize (143 bytes)

GC Heap History (0 events):
No events

Deoptimization events (10 events):
Event: 1.185 Thread 0x00000000005fe800 Uncommon trap: reason=bimorphic action=maybe_recompile pc=0x00000000027be408 method=java.util.HashMap.getNode(ILjava/lang/Object;)Ljava/util/HashMap$Node; @ 59
Event: 1.185 Thread 0x00000000005fe800 Uncommon trap: reason=bimorphic action=maybe_recompile pc=0x00000000027be408 method=java.util.HashMap.getNode(ILjava/lang/Object;)Ljava/util/HashMap$Node; @ 59
Event: 1.185 Thread 0x00000000005fe800 Uncommon trap: reason=bimorphic action=maybe_recompile pc=0x00000000027c0444 method=java.util.HashMap.getNode(ILjava/lang/Object;)Ljava/util/HashMap$Node; @ 59
Event: 1.794 Thread 0x00000000005fe800 Uncommon trap: reason=range_check action=make_not_entrant pc=0x0000000002856a60 method=sun.reflect.generics.parser.SignatureParser.current()C @ 34
Event: 1.836 Thread 0x00000000005fe800 Uncommon trap: reason=bimorphic action=maybe_recompile pc=0x0000000002885e6c method=java.util.HashMap.putVal(ILjava/lang/Object;Ljava/lang/Object;ZZ)Ljava/lang/Object; @ 56
Event: 1.836 Thread 0x00000000005fe800 Uncommon trap: reason=bimorphic action=maybe_recompile pc=0x0000000002885ea4 method=java.util.HashMap.putVal(ILjava/lang/Object;Ljava/lang/Object;ZZ)Ljava/lang/Object; @ 152
Event: 1.836 Thread 0x00000000005fe800 Uncommon trap: reason=bimorphic action=maybe_recompile pc=0x0000000002885e6c method=java.util.HashMap.putVal(ILjava/lang/Object;Ljava/lang/Object;ZZ)Ljava/lang/Object; @ 56
Event: 1.836 Thread 0x00000000005fe800 Uncommon trap: reason=bimorphic action=maybe_recompile pc=0x0000000002885e6c method=java.util.HashMap.putVal(ILjava/lang/Object;Ljava/lang/Object;ZZ)Ljava/lang/Object; @ 56
Event: 2.174 Thread 0x00000000005fe800 Uncommon trap: reason=unstable_if action=reinterpret pc=0x000000000286ae9c method=java.lang.String.indexOf([CII[CIII)I @ 3
Event: 3500.780 Thread 0x0000000018ab4800 Uncommon trap: reason=unstable_if action=reinterpret pc=0x000000000286db40 method=java.lang.AbstractStringBuilder.append(Ljava/lang/String;)Ljava/lang/AbstractStringBuilder; @ 1

Classes redefined (0 events):
No events

Internal exceptions (10 events):
Event: 1.810 Thread 0x00000000005fe800 Exception <a 'java/lang/ArrayIndexOutOfBoundsException'> (0x00000000d6686f00) thrown at [C:\re\workspace\8-2-build-windows-amd64-cygwin\jdk8u191\11896\hotspot\src\share\vm\runtime\sharedRuntime.cpp, line 605]
Event: 1.810 Thread 0x00000000005fe800 Exception <a 'java/lang/ArrayIndexOutOfBoundsException'> (0x00000000d66880b8) thrown at [C:\re\workspace\8-2-build-windows-amd64-cygwin\jdk8u191\11896\hotspot\src\share\vm\runtime\sharedRuntime.cpp, line 605]
Event: 1.810 Thread 0x00000000005fe800 Exception <a 'java/lang/ArrayIndexOutOfBoundsException'> (0x00000000d6688e38) thrown at [C:\re\workspace\8-2-build-windows-amd64-cygwin\jdk8u191\11896\hotspot\src\share\vm\runtime\sharedRuntime.cpp, line 605]
Event: 1.810 Thread 0x00000000005fe800 Exception <a 'java/lang/ArrayIndexOutOfBoundsException'> (0x00000000d6689fa8) thrown at [C:\re\workspace\8-2-build-windows-amd64-cygwin\jdk8u191\11896\hotspot\src\share\vm\runtime\sharedRuntime.cpp, line 605]
Event: 1.814 Thread 0x00000000005fe800 Exception <a 'java/lang/ArrayIndexOutOfBoundsException'> (0x00000000d6693750) thrown at [C:\re\workspace\8-2-build-windows-amd64-cygwin\jdk8u191\11896\hotspot\src\share\vm\runtime\sharedRuntime.cpp, line 605]
Event: 1.814 Thread 0x00000000005fe800 Exception <a 'java/lang/ArrayIndexOutOfBoundsException'> (0x00000000d66948c0) thrown at [C:\re\workspace\8-2-build-windows-amd64-cygwin\jdk8u191\11896\hotspot\src\share\vm\runtime\sharedRuntime.cpp, line 605]
Event: 1.961 Thread 0x00000000005fe800 Exception <a 'java/lang/ClassNotFoundException': javax/servlet/ServletContext> (0x00000000d67e5520) thrown at [C:\re\workspace\8-2-build-windows-amd64-cygwin\jdk8u191\11896\hotspot\src\share\vm\classfile\systemDictionary.cpp, line 210]
Event: 2.534 Thread 0x00000000005fe800 Exception <a 'java/lang/NoSuchFieldError': method resolution failed> (0x00000000d6955f80) thrown at [C:\re\workspace\8-2-build-windows-amd64-cygwin\jdk8u191\11896\hotspot\src\share\vm\prims\methodHandles.cpp, line 1167]
Event: 2.545 Thread 0x00000000005fe800 Exception <a 'java/lang/NoSuchFieldError': method resolution failed> (0x00000000d69637c8) thrown at [C:\re\workspace\8-2-build-windows-amd64-cygwin\jdk8u191\11896\hotspot\src\share\vm\prims\methodHandles.cpp, line 1167]
Event: 3500.771 Thread 0x0000000018ab4800 Implicit null exception at 0x000000000286d796 to 0x000000000286db29

Events (10 events):
Event: 4471.504 Thread 0x0000000016fd6800 flushing nmethod 0x0000000002791c90
Event: 4471.504 Executing VM operation: RevokeBias
Event: 4471.504 Executing VM operation: RevokeBias done
Event: 4496.080 Executing VM operation: RevokeBias
Event: 4496.080 Executing VM operation: RevokeBias done
Event: 4496.080 Executing VM operation: RevokeBias
Event: 4496.080 Executing VM operation: RevokeBias done
Event: 4531.491 Executing VM operation: RevokeBias
Event: 4531.491 Executing VM operation: RevokeBias done
Event: 4531.491 Thread 0x0000000018cca000 Thread exited: 0x0000000018cca000


Dynamic libraries:
0x00007ff6a5290000 - 0x00007ff6a52c7000 	C:\Program Files\Java\jdk1.8.0_191\bin\java.exe
0x00007ff83d810000 - 0x00007ff83d9f1000 	C:\WINDOWS\SYSTEM32\ntdll.dll
0x00007ff80fb70000 - 0x00007ff80fb83000 	C:\Program Files\AVAST Software\Avast\aswhook.dll
0x00007ff83b740000 - 0x00007ff83b7f1000 	C:\WINDOWS\System32\KERNEL32.DLL
0x00007ff83a510000 - 0x00007ff83a783000 	C:\WINDOWS\System32\KERNELBASE.dll
0x00007ff83d1a0000 - 0x00007ff83d241000 	C:\WINDOWS\System32\ADVAPI32.dll
0x00007ff83b8a0000 - 0x00007ff83b93e000 	C:\WINDOWS\System32\msvcrt.dll
0x00007ff83d140000 - 0x00007ff83d19b000 	C:\WINDOWS\System32\sechost.dll
0x00007ff83d400000 - 0x00007ff83d524000 	C:\WINDOWS\System32\RPCRT4.dll
0x00007ff83d650000 - 0x00007ff83d7e0000 	C:\WINDOWS\System32\USER32.dll
0x00007ff83a490000 - 0x00007ff83a4b0000 	C:\WINDOWS\System32\win32u.dll
0x00007ff83d360000 - 0x00007ff83d388000 	C:\WINDOWS\System32\GDI32.dll
0x00007ff83a2f0000 - 0x00007ff83a481000 	C:\WINDOWS\System32\gdi32full.dll
0x00007ff83ab30000 - 0x00007ff83abcf000 	C:\WINDOWS\System32\msvcp_win.dll
0x00007ff83aa30000 - 0x00007ff83ab28000 	C:\WINDOWS\System32\ucrtbase.dll
0x00007ff825ef0000 - 0x00007ff826159000 	C:\WINDOWS\WinSxS\amd64_microsoft.windows.common-controls_6595b64144ccf1df_6.0.17134.950_none_fb3da4273069d3e0\COMCTL32.dll
0x00007ff83b290000 - 0x00007ff83b5b2000 	C:\WINDOWS\System32\combase.dll
0x00007ff83ac20000 - 0x00007ff83ac99000 	C:\WINDOWS\System32\bcryptPrimitives.dll
0x00007ff83d530000 - 0x00007ff83d55d000 	C:\WINDOWS\System32\IMM32.DLL
0x0000000071a20000 - 0x0000000071af2000 	C:\Program Files\Java\jdk1.8.0_191\jre\bin\msvcr100.dll
0x0000000071b00000 - 0x00000000723a4000 	C:\Program Files\Java\jdk1.8.0_191\jre\bin\server\jvm.dll
0x00007ff83d570000 - 0x00007ff83d578000 	C:\WINDOWS\System32\PSAPI.DLL
0x00007ff829c60000 - 0x00007ff829c69000 	C:\WINDOWS\SYSTEM32\WSOCK32.dll
0x00007ff83b170000 - 0x00007ff83b1dc000 	C:\WINDOWS\System32\WS2_32.dll
0x00007ff837d80000 - 0x00007ff837da3000 	C:\WINDOWS\SYSTEM32\WINMM.dll
0x00007ff8331f0000 - 0x00007ff8331fa000 	C:\WINDOWS\SYSTEM32\VERSION.dll
0x00007ff837d50000 - 0x00007ff837d7a000 	C:\WINDOWS\SYSTEM32\WINMMBASE.dll
0x00007ff83abd0000 - 0x00007ff83ac19000 	C:\WINDOWS\System32\cfgmgr32.dll
0x00000000719d0000 - 0x00000000719df000 	C:\Program Files\Java\jdk1.8.0_191\jre\bin\verify.dll
0x00000000719a0000 - 0x00000000719c9000 	C:\Program Files\Java\jdk1.8.0_191\jre\bin\java.dll
0x0000000071980000 - 0x0000000071996000 	C:\Program Files\Java\jdk1.8.0_191\jre\bin\zip.dll
0x00007ff83bba0000 - 0x00007ff83cfe0000 	C:\WINDOWS\System32\SHELL32.dll
0x00007ff83b1e0000 - 0x00007ff83b289000 	C:\WINDOWS\System32\shcore.dll
0x00007ff839be0000 - 0x00007ff83a2ed000 	C:\WINDOWS\System32\windows.storage.dll
0x00007ff83b940000 - 0x00007ff83b991000 	C:\WINDOWS\System32\shlwapi.dll
0x00007ff839b80000 - 0x00007ff839b91000 	C:\WINDOWS\System32\kernel.appcore.dll
0x00007ff839ba0000 - 0x00007ff839bbf000 	C:\WINDOWS\System32\profapi.dll
0x00007ff839b30000 - 0x00007ff839b7c000 	C:\WINDOWS\System32\powrprof.dll
0x00007ff839b20000 - 0x00007ff839b2a000 	C:\WINDOWS\System32\FLTLIB.DLL
0x0000000071960000 - 0x000000007197a000 	C:\Program Files\Java\jdk1.8.0_191\jre\bin\net.dll
0x00007ff8393a0000 - 0x00007ff839406000 	C:\WINDOWS\system32\mswsock.dll
0x00007ff8390e0000 - 0x00007ff83919e000 	C:\WINDOWS\SYSTEM32\DNSAPI.dll
0x00007ff83d560000 - 0x00007ff83d568000 	C:\WINDOWS\System32\NSI.dll
0x00007ff839090000 - 0x00007ff8390c8000 	C:\WINDOWS\SYSTEM32\IPHLPAPI.DLL
0x00007ff82a960000 - 0x00007ff82a96a000 	C:\Windows\System32\rasadhlp.dll
0x00007ff82c1e0000 - 0x00007ff82c252000 	C:\WINDOWS\System32\fwpuclnt.dll
0x00007ff839680000 - 0x00007ff8396a5000 	C:\WINDOWS\SYSTEM32\bcrypt.dll
0x0000000071940000 - 0x0000000071951000 	C:\Program Files\Java\jdk1.8.0_191\jre\bin\nio.dll
0x00007ff839550000 - 0x00007ff839567000 	C:\WINDOWS\SYSTEM32\CRYPTSP.dll
0x00007ff838ef0000 - 0x00007ff838f23000 	C:\WINDOWS\system32\rsaenh.dll
0x00007ff839a50000 - 0x00007ff839a78000 	C:\WINDOWS\SYSTEM32\USERENV.dll
0x00007ff839570000 - 0x00007ff83957b000 	C:\WINDOWS\SYSTEM32\CRYPTBASE.dll
0x00007ff82f150000 - 0x00007ff82f166000 	C:\WINDOWS\SYSTEM32\dhcpcsvc6.DLL
0x00007ff8301f0000 - 0x00007ff83020a000 	C:\WINDOWS\SYSTEM32\dhcpcsvc.DLL

VM Arguments:
java_command: br.ifms.tsi.ipli.alunoservice.Servidor
java_class_path (initial): C:\Users\Rodrigo\Documents\NetBeansProjects\AlunoService\target\classes;C:\Users\Rodrigo\.m2\repository\mysql\mysql-connector-java\8.0.15\mysql-connector-java-8.0.15.jar;C:\Users\Rodrigo\.m2\repository\com\google\protobuf\protobuf-java\3.6.1\protobuf-java-3.6.1.jar
Launcher Type: SUN_STANDARD

Environment Variables:
JAVA_HOME=C:\Program Files\Java\jdk1.8.0_191
PATH=C:\LPI4\apache-maven-3.6.3\bin;C:\WINDOWS\system32;C:\WINDOWS;C:\WINDOWS\System32\Wbem;C:\WINDOWS\System32\WindowsPowerShell\v1.0\;C:\WINDOWS\System32\OpenSSH\;C:\xampp\php\php.exe;C:\Program Files\nodejs\;C:\Program Files\Git\cmd;%JAVA_HOME%\bin;%CATALINA_HOME%\bin;C:\LPI4\apache-maven-3.6.3\bin;C:\Users\Rodrigo\AppData\Local\Programs\Microsoft VS Code\bin;C:\Users\Rodrigo\AppData\Roaming\npm;C:\Program Files\Java\jdk1.8.0_191\bin;C:\LPI4\apache-tomcat-9.0.30-windows-x64\apache-tomcat-9.0.30\bin;
USERNAME=Rodrigo
OS=Windows_NT
PROCESSOR_IDENTIFIER=Intel64 Family 6 Model 142 Stepping 9, GenuineIntel



---------------  S Y S T E M  ---------------

OS: Windows 10.0 , 64 bit Build 17134 (10.0.17134.753)

CPU:total 2 (initial active 2) (2 cores per cpu, 1 threads per core) family 6 model 142 stepping 9, cmov, cx8, fxsr, mmx, sse, sse2, sse3, ssse3, sse4.1, sse4.2, popcnt, aes, clmul, erms, 3dnowpref, lzcnt, tsc, tscinvbit

Memory: 4k page, physical 8296568k(953620k free), swap 33462392k(0k free)

vm_info: Java HotSpot(TM) 64-Bit Server VM (25.191-b12) for windows-amd64 JRE (1.8.0_191-b12), built on Oct  6 2018 09:29:03 by "java_re" with MS VC++ 10.0 (VS2010)

time: Wed Apr 29 11:22:36 2020
elapsed time: 6871 seconds (0d 1h 54m 31s)

