#
# There is insufficient memory for the Java Runtime Environment to continue.
# Native memory allocation (malloc) failed to allocate 32744 bytes for ChunkPool::allocate
# Possible reasons:
#   The system is out of physical RAM or swap space
#   In 32 bit mode, the process size limit was hit
# Possible solutions:
#   Reduce memory load on the system
#   Increase physical memory or swap space
#   Check if swap backing store is full
#   Use 64 bit Java on a 64 bit OS
#   Decrease Java heap size (-Xmx/-Xms)
#   Decrease number of Java threads
#   Decrease Java thread stack sizes (-Xss)
#   Set larger code cache with -XX:ReservedCodeCacheSize=
# This output file may be truncated or incomplete.
#
#  Out of Memory Error (allocation.cpp:273), pid=10200, tid=0x0000000000002ccc
#
# JRE version: Java(TM) SE Runtime Environment (8.0_191-b12) (build 1.8.0_191-b12)
# Java VM: Java HotSpot(TM) 64-Bit Server VM (25.191-b12 mixed mode windows-amd64 compressed oops)
# Failed to write core dump. Minidumps are not enabled by default on client versions of Windows
#

---------------  T H R E A D  ---------------

Current thread (0x00000000173ac800):  JavaThread "C2 CompilerThread0" daemon [_thread_in_native, id=11468, stack(0x0000000018410000,0x0000000018510000)]

Stack: [0x0000000018410000,0x0000000018510000]
[error occurred during error reporting (printing stack bounds), id 0xc0000005]

Native frames: (J=compiled Java code, j=interpreted, Vv=VM code, C=native code)


Current CompileTask:
C2:   2813 1110   !   4       java.lang.ClassLoader::loadClass (122 bytes)


---------------  P R O C E S S  ---------------

Java Threads: ( => current thread )
  0x0000000017408800 JavaThread "Service Thread" daemon [_thread_blocked, id=10948, stack(0x0000000018610000,0x0000000018710000)]
  0x00000000173ae800 JavaThread "C1 CompilerThread1" daemon [_thread_blocked, id=7880, stack(0x0000000018510000,0x0000000018610000)]
=>0x00000000173ac800 JavaThread "C2 CompilerThread0" daemon [_thread_in_native, id=11468, stack(0x0000000018410000,0x0000000018510000)]
  0x00000000173a9800 JavaThread "Attach Listener" daemon [_thread_blocked, id=7296, stack(0x0000000018310000,0x0000000018410000)]
  0x00000000173a6000 JavaThread "Signal Dispatcher" daemon [_thread_blocked, id=5360, stack(0x0000000018210000,0x0000000018310000)]
  0x0000000002a84000 JavaThread "Finalizer" daemon [_thread_blocked, id=6760, stack(0x0000000018000000,0x0000000018100000)]
  0x0000000017398000 JavaThread "Reference Handler" daemon [_thread_blocked, id=7844, stack(0x0000000017f00000,0x0000000018000000)]
  0x0000000002992800 JavaThread "main" [_thread_in_vm, id=8936, stack(0x0000000002850000,0x0000000002950000)]

Other Threads:
  0x0000000017377000 VMThread [stack: 0x0000000017e00000,0x0000000017f00000] [id=11576]
  0x000000001740a000 WatcherThread [stack: 0x0000000018860000,0x0000000018960000] [id=5744]

VM state:not at safepoint (normal execution)

VM Mutex/Monitor currently owned by a thread: None

Heap:
 PSYoungGen      total 38400K, used 8634K [0x00000000d5d00000, 0x00000000d8780000, 0x0000000100000000)
  eden space 33280K, 10% used [0x00000000d5d00000,0x00000000d606f4b8,0x00000000d7d80000)
  from space 5120K, 99% used [0x00000000d8280000,0x00000000d877f570,0x00000000d8780000)
  to   space 5120K, 0% used [0x00000000d7d80000,0x00000000d7d80000,0x00000000d8280000)
 ParOldGen       total 87552K, used 2017K [0x0000000081600000, 0x0000000086b80000, 0x00000000d5d00000)
  object space 87552K, 2% used [0x0000000081600000,0x00000000817f86e0,0x0000000086b80000)
 Metaspace       used 12070K, capacity 12258K, committed 12416K, reserved 1060864K
  class space    used 1505K, capacity 1608K, committed 1664K, reserved 1048576K

Card table byte_map: [0x0000000011e50000,0x0000000012250000] byte_map_base: 0x0000000011a45000

Marking Bits: (ParMarkBitMap*) 0x000000005d8e3e30
 Begin Bits: [0x0000000012700000, 0x00000000146a8000)
 End Bits:   [0x00000000146a8000, 0x0000000016650000)

Polling page: 0x0000000000de0000

CodeCache: size=245760Kb used=4284Kb max_used=4284Kb free=241475Kb
 bounds [0x0000000002a90000, 0x0000000002ed0000, 0x0000000011a90000]
 total_blobs=1499 nmethods=1180 adapters=232
 compilation: enabled

Compilation events (10 events):
Event: 2.717 Thread 0x00000000173ae800 1178       1       com.google.inject.spi.ProvisionListenerBinding::getListeners (5 bytes)
Event: 2.717 Thread 0x00000000173ae800 nmethod 1178 0x0000000002ec0350 code [0x0000000002ec04a0, 0x0000000002ec05b0]
Event: 2.717 Thread 0x00000000173ae800 1179       1       com.google.inject.internal.BindingProcessor::access$000 (5 bytes)
Event: 2.717 Thread 0x00000000173ae800 nmethod 1179 0x0000000002ec0610 code [0x0000000002ec0760, 0x0000000002ec0850]
Event: 2.718 Thread 0x00000000173ae800 1180       1       com.google.inject.internal.ProviderInstanceBindingImpl::getInjectionPoints (5 bytes)
Event: 2.718 Thread 0x00000000173ae800 nmethod 1180 0x0000000002ec08d0 code [0x0000000002ec0a20, 0x0000000002ec0b30]
Event: 2.718 Thread 0x00000000173ae800 1181       3       com.google.inject.internal.CycleDetectingLock$CycleDetectingLockFactory::create (17 bytes)
Event: 2.719 Thread 0x00000000173ae800 nmethod 1181 0x0000000002ec0b90 code [0x0000000002ec0d40, 0x0000000002ec12a8]
Event: 2.719 Thread 0x00000000173ae800 1182       3       com.google.common.cache.LocalCache::evictsBySize (15 bytes)
Event: 2.720 Thread 0x00000000173ae800 nmethod 1182 0x0000000002ec1650 code [0x0000000002ec17a0, 0x0000000002ec1950]

GC Heap History (4 events):
Event: 1.618 GC heap before
{Heap before GC invocations=1 (full 0):
 PSYoungGen      total 38400K, used 33280K [0x00000000d5d00000, 0x00000000d8780000, 0x0000000100000000)
  eden space 33280K, 100% used [0x00000000d5d00000,0x00000000d7d80000,0x00000000d7d80000)
  from space 5120K, 0% used [0x00000000d8280000,0x00000000d8280000,0x00000000d8780000)
  to   space 5120K, 0% used [0x00000000d7d80000,0x00000000d7d80000,0x00000000d8280000)
 ParOldGen       total 87552K, used 0K [0x0000000081600000, 0x0000000086b80000, 0x00000000d5d00000)
  object space 87552K, 0% used [0x0000000081600000,0x0000000081600000,0x0000000086b80000)
 Metaspace       used 8293K, capacity 8380K, committed 8576K, reserved 1056768K
  class space    used 999K, capacity 1048K, committed 1152K, reserved 1048576K
Event: 1.626 GC heap after
Heap after GC invocations=1 (full 0):
 PSYoungGen      total 38400K, used 5091K [0x00000000d5d00000, 0x00000000d8780000, 0x0000000100000000)
  eden space 33280K, 0% used [0x00000000d5d00000,0x00000000d5d00000,0x00000000d7d80000)
  from space 5120K, 99% used [0x00000000d7d80000,0x00000000d8278c70,0x00000000d8280000)
  to   space 5120K, 0% used [0x00000000d8280000,0x00000000d8280000,0x00000000d8780000)
 ParOldGen       total 87552K, used 199K [0x0000000081600000, 0x0000000086b80000, 0x00000000d5d00000)
  object space 87552K, 0% used [0x0000000081600000,0x0000000081631f10,0x0000000086b80000)
 Metaspace       used 8293K, capacity 8380K, committed 8576K, reserved 1056768K
  class space    used 999K, capacity 1048K, committed 1152K, reserved 1048576K
}
Event: 2.552 GC heap before
{Heap before GC invocations=2 (full 0):
 PSYoungGen      total 38400K, used 38371K [0x00000000d5d00000, 0x00000000d8780000, 0x0000000100000000)
  eden space 33280K, 100% used [0x00000000d5d00000,0x00000000d7d80000,0x00000000d7d80000)
  from space 5120K, 99% used [0x00000000d7d80000,0x00000000d8278c70,0x00000000d8280000)
  to   space 5120K, 0% used [0x00000000d8280000,0x00000000d8280000,0x00000000d8780000)
 ParOldGen       total 87552K, used 199K [0x0000000081600000, 0x0000000086b80000, 0x00000000d5d00000)
  object space 87552K, 0% used [0x0000000081600000,0x0000000081631f10,0x0000000086b80000)
 Metaspace       used 11701K, capacity 11874K, committed 12160K, reserved 1060864K
  class space    used 1450K, capacity 1544K, committed 1664K, reserved 1048576K
Event: 2.562 GC heap after
Heap after GC invocations=2 (full 0):
 PSYoungGen      total 38400K, used 5117K [0x00000000d5d00000, 0x00000000d8780000, 0x0000000100000000)
  eden space 33280K, 0% used [0x00000000d5d00000,0x00000000d5d00000,0x00000000d7d80000)
  from space 5120K, 99% used [0x00000000d8280000,0x00000000d877f570,0x00000000d8780000)
  to   space 5120K, 0% used [0x00000000d7d80000,0x00000000d7d80000,0x00000000d8280000)
 ParOldGen       total 87552K, used 2017K [0x0000000081600000, 0x0000000086b80000, 0x00000000d5d00000)
  object space 87552K, 2% used [0x0000000081600000,0x00000000817f86e0,0x0000000086b80000)
 Metaspace       used 11701K, capacity 11874K, committed 12160K, reserved 1060864K
  class space    used 1450K, capacity 1544K, committed 1664K, reserved 1048576K
}

Deoptimization events (7 events):
Event: 0.577 Thread 0x0000000002992800 Uncommon trap: reason=unstable_if action=reinterpret pc=0x0000000002c44524 method=org.codehaus.plexus.util.xml.pull.MXParser.more()C @ 8
Event: 0.878 Thread 0x0000000002992800 Uncommon trap: reason=unstable_if action=reinterpret pc=0x0000000002c07580 method=java.lang.String.indexOf([CII[CIII)I @ 3
Event: 1.411 Thread 0x0000000002992800 Uncommon trap: reason=unstable_if action=reinterpret pc=0x0000000002d43798 method=org.codehaus.plexus.util.xml.pull.MXParser.nextImpl()I @ 200
Event: 1.574 Thread 0x0000000002992800 Uncommon trap: reason=unstable_if action=reinterpret pc=0x0000000002cf3480 method=java.util.HashMap.getNode(ILjava/lang/Object;)Ljava/util/HashMap$Node; @ 129
Event: 1.575 Thread 0x0000000002992800 Uncommon trap: reason=unstable_if action=reinterpret pc=0x0000000002cee2b8 method=java.util.HashMap.getNode(ILjava/lang/Object;)Ljava/util/HashMap$Node; @ 129
Event: 1.615 Thread 0x0000000002992800 Uncommon trap: reason=range_check action=make_not_entrant pc=0x0000000002d955e0 method=sun.reflect.generics.parser.SignatureParser.current()C @ 34
Event: 1.883 Thread 0x0000000002992800 Uncommon trap: reason=bimorphic action=maybe_recompile pc=0x0000000002dd7530 method=java.util.HashMap.putVal(ILjava/lang/Object;Ljava/lang/Object;ZZ)Ljava/lang/Object; @ 203

Classes redefined (0 events):
No events

Internal exceptions (10 events):
Event: 0.453 Thread 0x0000000002992800 Exception <a 'java/security/PrivilegedActionException'> (0x00000000d6136630) thrown at [C:\re\workspace\8-2-build-windows-amd64-cygwin\jdk8u191\11896\hotspot\src\share\vm\prims\jvm.cpp, line 1435]
Event: 0.453 Thread 0x0000000002992800 Exception <a 'java/security/PrivilegedActionException'> (0x00000000d6136840) thrown at [C:\re\workspace\8-2-build-windows-amd64-cygwin\jdk8u191\11896\hotspot\src\share\vm\prims\jvm.cpp, line 1435]
Event: 0.454 Thread 0x0000000002992800 Exception <a 'java/security/PrivilegedActionException'> (0x00000000d613a938) thrown at [C:\re\workspace\8-2-build-windows-amd64-cygwin\jdk8u191\11896\hotspot\src\share\vm\prims\jvm.cpp, line 1435]
Event: 0.454 Thread 0x0000000002992800 Exception <a 'java/security/PrivilegedActionException'> (0x00000000d613ab48) thrown at [C:\re\workspace\8-2-build-windows-amd64-cygwin\jdk8u191\11896\hotspot\src\share\vm\prims\jvm.cpp, line 1435]
Event: 1.207 Thread 0x0000000002992800 Exception <a 'java/lang/ArrayIndexOutOfBoundsException'> (0x00000000d6f9c078) thrown at [C:\re\workspace\8-2-build-windows-amd64-cygwin\jdk8u191\11896\hotspot\src\share\vm\runtime\sharedRuntime.cpp, line 605]
Event: 1.211 Thread 0x0000000002992800 Exception <a 'java/lang/ArrayIndexOutOfBoundsException'> (0x00000000d6fb7c28) thrown at [C:\re\workspace\8-2-build-windows-amd64-cygwin\jdk8u191\11896\hotspot\src\share\vm\runtime\sharedRuntime.cpp, line 605]
Event: 1.224 Thread 0x0000000002992800 Exception <a 'java/lang/ArrayIndexOutOfBoundsException'> (0x00000000d6ff9fd0) thrown at [C:\re\workspace\8-2-build-windows-amd64-cygwin\jdk8u191\11896\hotspot\src\share\vm\runtime\sharedRuntime.cpp, line 605]
Event: 1.468 Thread 0x0000000002992800 Exception <a 'java/lang/ArrayIndexOutOfBoundsException'> (0x00000000d79ec138) thrown at [C:\re\workspace\8-2-build-windows-amd64-cygwin\jdk8u191\11896\hotspot\src\share\vm\runtime\sharedRuntime.cpp, line 605]
Event: 1.469 Thread 0x0000000002992800 Exception <a 'java/lang/ArrayIndexOutOfBoundsException'> (0x00000000d79edcc8) thrown at [C:\re\workspace\8-2-build-windows-amd64-cygwin\jdk8u191\11896\hotspot\src\share\vm\runtime\sharedRuntime.cpp, line 605]
Event: 1.615 Thread 0x0000000002992800 Exception <a 'java/lang/ArrayIndexOutOfBoundsException': 66> (0x00000000d7d02a00) thrown at [C:\re\workspace\8-2-build-windows-amd64-cygwin\jdk8u191\11896\hotspot\src\share\vm\interpreter\interpreterRuntime.cpp, line 366]

Events (10 events):
Event: 2.675 loading class com/google/inject/internal/ProviderInternalFactory
Event: 2.675 loading class com/google/inject/internal/ProviderInternalFactory done
Event: 2.709 loading class org/apache/maven/execution/scope/internal/MojoExecutionScope$2
Event: 2.709 loading class org/apache/maven/execution/scope/internal/MojoExecutionScope$2 done
Event: 2.709 loading class com/google/inject/OutOfScopeException
Event: 2.709 loading class com/google/inject/OutOfScopeException done
Event: 2.713 loading class org/apache/maven/session/scope/internal/SessionScope$2
Event: 2.713 loading class org/apache/maven/session/scope/internal/SessionScope$2 done
Event: 2.715 loading class com/google/inject/internal/BoundProviderFactory
Event: 2.715 loading class com/google/inject/internal/BoundProviderFactory done


Dynamic libraries:
0x00007ff6879c0000 - 0x00007ff6879f7000 	C:\Program Files\Java\jdk1.8.0_191\bin\java.exe
0x00007ffc33680000 - 0x00007ffc33861000 	C:\WINDOWS\SYSTEM32\ntdll.dll
0x00007ffc0f4f0000 - 0x00007ffc0f503000 	C:\Program Files\AVAST Software\Avast\aswhook.dll
0x00007ffc31d80000 - 0x00007ffc31e31000 	C:\WINDOWS\System32\KERNEL32.DLL
0x00007ffc304a0000 - 0x00007ffc30713000 	C:\WINDOWS\System32\KERNELBASE.dll
0x00007ffc31590000 - 0x00007ffc31631000 	C:\WINDOWS\System32\ADVAPI32.dll
0x00007ffc31fd0000 - 0x00007ffc3206e000 	C:\WINDOWS\System32\msvcrt.dll
0x00007ffc335e0000 - 0x00007ffc3363b000 	C:\WINDOWS\System32\sechost.dll
0x00007ffc31ea0000 - 0x00007ffc31fc4000 	C:\WINDOWS\System32\RPCRT4.dll
0x00007ffc317c0000 - 0x00007ffc31950000 	C:\WINDOWS\System32\USER32.dll
0x00007ffc2fb00000 - 0x00007ffc2fb20000 	C:\WINDOWS\System32\win32u.dll
0x00007ffc31c80000 - 0x00007ffc31ca8000 	C:\WINDOWS\System32\GDI32.dll
0x00007ffc30720000 - 0x00007ffc308b1000 	C:\WINDOWS\System32\gdi32full.dll
0x00007ffc2fcf0000 - 0x00007ffc2fd8f000 	C:\WINDOWS\System32\msvcp_win.dll
0x00007ffc2fb20000 - 0x00007ffc2fc18000 	C:\WINDOWS\System32\ucrtbase.dll
0x00007ffc1b680000 - 0x00007ffc1b8e9000 	C:\WINDOWS\WinSxS\amd64_microsoft.windows.common-controls_6595b64144ccf1df_6.0.17134.950_none_fb3da4273069d3e0\COMCTL32.dll
0x00007ffc31950000 - 0x00007ffc31c72000 	C:\WINDOWS\System32\combase.dll
0x00007ffc2fc70000 - 0x00007ffc2fce9000 	C:\WINDOWS\System32\bcryptPrimitives.dll
0x00007ffc30be0000 - 0x00007ffc30c0d000 	C:\WINDOWS\System32\IMM32.DLL
0x000000005cfe0000 - 0x000000005d0b2000 	C:\Program Files\Java\jdk1.8.0_191\jre\bin\msvcr100.dll
0x000000005d0c0000 - 0x000000005d964000 	C:\Program Files\Java\jdk1.8.0_191\jre\bin\server\jvm.dll
0x00007ffc30cb0000 - 0x00007ffc30cb8000 	C:\WINDOWS\System32\PSAPI.DLL
0x00007ffc1e520000 - 0x00007ffc1e529000 	C:\WINDOWS\SYSTEM32\WSOCK32.dll
0x00007ffc30b10000 - 0x00007ffc30b7c000 	C:\WINDOWS\System32\WS2_32.dll
0x00007ffc2dc80000 - 0x00007ffc2dca3000 	C:\WINDOWS\SYSTEM32\WINMM.dll
0x00007ffc2b4b0000 - 0x00007ffc2b4ba000 	C:\WINDOWS\SYSTEM32\VERSION.dll
0x00007ffc2dc50000 - 0x00007ffc2dc7a000 	C:\WINDOWS\SYSTEM32\WINMMBASE.dll
0x00007ffc2fc20000 - 0x00007ffc2fc69000 	C:\WINDOWS\System32\cfgmgr32.dll
0x000000005cf90000 - 0x000000005cf9f000 	C:\Program Files\Java\jdk1.8.0_191\jre\bin\verify.dll
0x000000005cf60000 - 0x000000005cf89000 	C:\Program Files\Java\jdk1.8.0_191\jre\bin\java.dll
0x000000005cf40000 - 0x000000005cf56000 	C:\Program Files\Java\jdk1.8.0_191\jre\bin\zip.dll
0x00007ffc320f0000 - 0x00007ffc33530000 	C:\WINDOWS\System32\SHELL32.dll
0x00007ffc33530000 - 0x00007ffc335d9000 	C:\WINDOWS\System32\shcore.dll
0x00007ffc2fd90000 - 0x00007ffc3049d000 	C:\WINDOWS\System32\windows.storage.dll
0x00007ffc30b80000 - 0x00007ffc30bd1000 	C:\WINDOWS\System32\shlwapi.dll
0x00007ffc2f990000 - 0x00007ffc2f9a1000 	C:\WINDOWS\System32\kernel.appcore.dll
0x00007ffc2fa00000 - 0x00007ffc2fa1f000 	C:\WINDOWS\System32\profapi.dll
0x00007ffc2f9b0000 - 0x00007ffc2f9fc000 	C:\WINDOWS\System32\powrprof.dll
0x00007ffc2fa40000 - 0x00007ffc2fa4a000 	C:\WINDOWS\System32\FLTLIB.DLL
0x00007ffc2b7b0000 - 0x00007ffc2b7ba000 	C:\LPI4\apache-maven-3.6.3\lib\jansi-native\windows64\jansi.dll

VM Arguments:
jvm_args: -Dclassworlds.conf=C:\LPI4\apache-maven-3.6.3\bin\..\bin\m2.conf -Dmaven.home=C:\LPI4\apache-maven-3.6.3\bin\.. -Dlibrary.jansi.path=C:\LPI4\apache-maven-3.6.3\bin\..\lib\jansi-native -Dmaven.multiModuleProjectDirectory=C:\Users\Rodrigo\Documents\NetBeansProjects\AlunoService 
java_command: org.codehaus.plexus.classworlds.launcher.Launcher -Dexec.args=-classpath %classpath br.ifms.tsi.ipli.alunoservice.Servidor -Dexec.executable=C:\Program Files\Java\jdk1.8.0_191\bin\java.exe -Dmaven.ext.class.path=C:\Program Files\NetBeans 8.2\java\maven-nblib\netbeans-eventspy.jar -Dfile.encoding=UTF-8 org.codehaus.mojo:exec-maven-plugin:1.2.1:exec
java_class_path (initial): C:\LPI4\apache-maven-3.6.3\bin\..\boot\plexus-classworlds-2.6.0.jar
Launcher Type: SUN_STANDARD

Environment Variables:
JAVA_HOME=C:\Program Files\Java\jdk1.8.0_191
PATH=C:\LPI4\apache-maven-3.6.3\bin;C:\WINDOWS\system32;C:\WINDOWS;C:\WINDOWS\System32\Wbem;C:\WINDOWS\System32\WindowsPowerShell\v1.0\;C:\WINDOWS\System32\OpenSSH\;C:\xampp\php\php.exe;C:\Program Files\nodejs\;C:\Program Files\Git\cmd;%JAVA_HOME%\bin;%CATALINA_HOME%\bin;C:\LPI4\apache-maven-3.6.3\bin;C:\Users\Rodrigo\AppData\Local\Programs\Microsoft VS Code\bin;C:\Users\Rodrigo\AppData\Roaming\npm;C:\Program Files\Java\jdk1.8.0_191\bin;C:\LPI4\apache-tomcat-9.0.30-windows-x64\apache-tomcat-9.0.30\bin;
USERNAME=Rodrigo
OS=Windows_NT
PROCESSOR_IDENTIFIER=Intel64 Family 6 Model 142 Stepping 9, GenuineIntel



---------------  S Y S T E M  ---------------

OS: Windows 10.0 , 64 bit Build 17134 (10.0.17134.753)

CPU:total 2 (initial active 2) (2 cores per cpu, 1 threads per core) family 6 model 142 stepping 9, cmov, cx8, fxsr, mmx, sse, sse2, sse3, ssse3, sse4.1, sse4.2, popcnt, aes, clmul, erms, 3dnowpref, lzcnt, tsc, tscinvbit

Memory: 4k page, physical 8296568k(942364k free), swap 33462392k(3964k free)

vm_info: Java HotSpot(TM) 64-Bit Server VM (25.191-b12) for windows-amd64 JRE (1.8.0_191-b12), built on Oct  6 2018 09:29:03 by "java_re" with MS VC++ 10.0 (VS2010)

time: Tue May 05 11:42:05 2020
elapsed time: 2 seconds (0d 0h 0m 2s)

