JvmtiExport can_access_local_variables 0
JvmtiExport can_hotswap_or_post_breakpoint 0
JvmtiExport can_post_on_exceptions 0
# 281 ciObject found
ciMethod java/lang/Object <init> ()V 4097 1 312149 0 0
ciMethod java/lang/String <init> ([CII)V 2041 1 6539 0 736
ciMethod java/lang/String <init> ([CZ)V 1729 1 14268 0 0
ciMethod java/lang/String length ()I 4097 1 110123 0 0
ciMethod java/lang/String charAt (I)C 4097 1 367118 0 128
ciMethod java/lang/String codePointAt (I)I 1 1 687 0 -1
ciMethod java/lang/String getChars (II[CI)V 2049 1 5392 0 -1
ciMethod java/lang/String equalsIgnoreCase (Ljava/lang/String;)Z 2049 1 6475 0 1600
ciMethod java/lang/String regionMatches (ZILjava/lang/String;II)Z 1889 6193 6015 0 0
ciMethod java/lang/String startsWith (Ljava/lang/String;I)Z 2057 561 5714 0 256
ciMethod java/lang/String startsWith (Ljava/lang/String;)Z 2049 1 46107 0 224
ciMethod java/lang/String endsWith (Ljava/lang/String;)Z 2049 1 21159 0 256
ciMethod java/lang/String indexOf (I)I 2049 1 24690 0 -1
ciMethod java/lang/String indexOf (II)I 913 24993 3045 0 384
ciMethod java/lang/String indexOfSupplementary (II)I 0 0 1 0 -1
ciMethod java/lang/String lastIndexOf (I)I 2057 1 13979 0 0
ciMethod java/lang/String lastIndexOf (II)I 1025 38193 777 0 288
ciMethod java/lang/String lastIndexOfSupplementary (II)I 0 0 1 0 -1
ciMethod java/lang/String indexOf (Ljava/lang/String;)I 2049 1 16278 0 -1
ciMethod java/lang/String indexOf (Ljava/lang/String;I)I 2049 1 33443 0 -1
ciMethod java/lang/String substring (I)Ljava/lang/String; 2049 1 10794 0 0
ciMethod java/lang/String substring (II)Ljava/lang/String; 2049 1 5428 0 992
ciMethod java/lang/String replace (CC)Ljava/lang/String; 825 40961 1643 0 1088
ciMethod java/lang/String toLowerCase (Ljava/util/Locale;)Ljava/lang/String; 1145 16385 1366 0 1920
ciMethod java/lang/String toLowerCase ()Ljava/lang/String; 2065 1 826 0 0
ciMethod java/lang/String trim ()Ljava/lang/String; 2545 5401 5190 0 -1
ciMethod java/lang/String valueOf (Ljava/lang/Object;)Ljava/lang/String; 641 1 2464 0 -1
ciMethod java/lang/Class forName (Ljava/lang/String;)Ljava/lang/Class; 537 1 191 0 -1
ciMethod java/lang/Class newInstance ()Ljava/lang/Object; 161 1 55 0 -1
ciMethod java/lang/ClassLoader loadClass (Ljava/lang/String;)Ljava/lang/Class; 1249 1 156 0 -1
ciMethod java/lang/ClassLoader getSystemClassLoader ()Ljava/lang/ClassLoader; 73 1 10 0 -1
ciMethod java/lang/System getSecurityManager ()Ljava/lang/SecurityManager; 2049 1 14038 0 -1
ciMethod java/lang/System arraycopy (Ljava/lang/Object;ILjava/lang/Object;II)V 5121 1 640 0 -1
ciMethod java/util/Hashtable get (Ljava/lang/Object;)Ljava/lang/Object; 2049 633 7428 0 -1
ciMethod java/util/Hashtable put (Ljava/lang/Object;Ljava/lang/Object;)Ljava/lang/Object; 2049 985 5376 0 -1
ciMethod java/lang/AbstractStringBuilder <init> (I)V 713 1 34002 0 -1
ciMethod java/lang/AbstractStringBuilder ensureCapacityInternal (I)V 2265 1 75713 0 -1
ciMethod java/lang/AbstractStringBuilder append (Ljava/lang/String;)Ljava/lang/AbstractStringBuilder; 1241 1 5275 0 -1
ciMethod java/lang/AbstractStringBuilder appendNull ()Ljava/lang/AbstractStringBuilder; 0 0 1 0 -1
ciMethod java/lang/StringBuilder <init> ()V 689 1 23286 0 192
ciMethod java/lang/StringBuilder append (Ljava/lang/Object;)Ljava/lang/StringBuilder; 553 1 171 0 -1
ciMethod java/lang/StringBuilder append (Ljava/lang/String;)Ljava/lang/StringBuilder; 1217 1 58319 0 992
ciMethod java/lang/StringBuilder append (I)Ljava/lang/StringBuilder; 1 1 433 0 -1
ciMethod java/lang/StringBuilder toString ()Ljava/lang/String; 681 1 28189 0 832
ciMethod java/net/URL <init> (Ljava/lang/String;)V 2049 1 283 0 -1
ciMethod java/net/URL <init> (Ljava/net/URL;Ljava/lang/String;Ljava/net/URLStreamHandler;)V 2057 5465 6422 0 -1
ciMethod java/net/URL isValidProtocol (Ljava/lang/String;)Z 353 1057 283 0 0
ciMethod java/net/URL checkSpecifyHandler (Ljava/lang/SecurityManager;)V 0 0 1 0 -1
ciMethod java/net/URL set (Ljava/lang/String;Ljava/lang/String;ILjava/lang/String;Ljava/lang/String;Ljava/lang/String;Ljava/lang/String;Ljava/lang/String;)V 2113 1 5385 0 672
ciMethod java/net/URL getQuery ()Ljava/lang/String; 1289 1 161 0 -1
ciMethod java/net/URL getPath ()Ljava/lang/String; 1185 1 148 0 -1
ciMethod java/net/URL getUserInfo ()Ljava/lang/String; 1033 1 129 0 -1
ciMethod java/net/URL getAuthority ()Ljava/lang/String; 1089 1 136 0 -1
ciMethod java/net/URL getPort ()I 1025 1 128 0 -1
ciMethod java/net/URL getProtocol ()Ljava/lang/String; 1049 1 131 0 0
ciMethod java/net/URL getHost ()Ljava/lang/String; 1041 1 130 0 -1
ciMethod java/net/URL getFile ()Ljava/lang/String; 1281 1 160 0 0
ciMethod java/net/URL getRef ()Ljava/lang/String; 1185 1 148 0 -1
ciMethod java/net/URL getURLStreamHandler (Ljava/lang/String;)Ljava/net/URLStreamHandler; 833 17 354 0 0
ciMethod java/lang/Character isValidCodePoint (I)Z 0 0 1 0 -1
ciMethod java/lang/Character charCount (I)I 6537 1 6063 0 -1
ciMethod java/lang/Character highSurrogate (I)C 0 0 1 0 -1
ciMethod java/lang/Character lowSurrogate (I)C 0 0 1 0 -1
ciMethod java/lang/Character toChars (I[CI)I 0 0 1 0 -1
ciMethod java/lang/Character toChars (I)[C 0 0 1 0 -1
ciMethod java/lang/Character isLetter (C)Z 2049 1 283 0 0
ciMethod java/lang/Character isLetter (I)Z 2041 1 283 0 0
ciMethod java/lang/Character isLetterOrDigit (C)Z 2281 1 834 0 0
ciMethod java/lang/Character isLetterOrDigit (I)Z 2281 1 834 0 0
ciMethod java/lang/Character toLowerCase (C)C 2049 1 10985 0 192
ciMethod java/lang/Character toLowerCase (I)I 4097 1 26937 0 0
ciMethod java/lang/Character toUpperCase (C)C 929 1 8591 0 0
ciMethod java/lang/Character toUpperCase (I)I 929 1 8591 0 0
ciMethod java/lang/Character getType (I)I 2049 1 1488 0 0
ciMethod java/lang/Integer parseInt (Ljava/lang/String;)I 201 1 416 0 -1
ciMethod java/lang/NullPointerException <init> (Ljava/lang/String;)V 0 0 1 0 -1
ciMethod java/security/AccessController doPrivileged (Ljava/security/PrivilegedAction;)Ljava/lang/Object; 2049 1 256 0 -1
ciMethod java/lang/Math min (II)I 3545 1 76123 0 -1
ciMethod java/util/Arrays copyOfRange ([CII)[C 2049 1 5415 0 512
ciMethod sun/security/action/GetPropertyAction <init> (Ljava/lang/String;Ljava/lang/String;)V 105 1 14 0 -1
ciMethodData java/lang/Object <init> ()V 2 312149 orig 264 88 131 106 93 0 0 0 0 128 4 211 22 0 0 0 0 32 1 0 0 0 0 0 0 0 0 0 0 0 0 0 0 0 0 0 0 0 0 0 0 0 0 0 0 0 0 0 0 0 0 0 0 0 0 0 0 0 0 0 0 0 0 0 0 0 0 0 0 0 0 0 0 0 0 0 0 0 0 0 0 77 68 79 32 101 120 116 114 97 32 100 97 116 97 32 108 111 99 107 0 0 0 0 0 0 0 0 0 0 0 0 0 0 0 0 0 0 0 0 0 0 0 0 0 0 0 0 0 0 0 0 0 0 0 0 0 0 0 0 0 0 0 0 0 0 0 0 0 0 0 0 0 0 0 0 0 0 0 0 0 0 0 0 0 0 0 0 0 0 0 0 0 0 0 0 0 0 0 0 0 0 0 0 0 1 0 0 0 0 0 0 0 1 0 0 0 0 0 0 0 1 0 0 0 0 0 0 0 0 0 0 0 0 0 0 0 0 2 0 0 169 10 38 0 1 0 0 0 0 0 0 0 0 0 0 0 2 0 0 0 0 0 3 0 1 0 0 0 0 0 0 0 255 255 255 255 0 0 0 0 0 0 0 0 data 0 oops 0
ciMethod java/net/URLStreamHandlerFactory createURLStreamHandler (Ljava/lang/String;)Ljava/net/URLStreamHandler; 0 0 1 0 -1
ciMethod java/util/StringTokenizer <init> (Ljava/lang/String;Ljava/lang/String;)V 33 1 65 0 -1
ciMethod java/util/StringTokenizer hasMoreTokens ()Z 2049 1 549 0 -1
ciMethod java/util/StringTokenizer nextToken ()Ljava/lang/String; 2049 1 486 0 -1
ciMethodData java/lang/String charAt (I)C 2 367118 orig 264 88 131 106 93 0 0 0 0 104 61 211 22 0 0 0 0 120 1 0 0 32 0 0 0 0 0 0 0 0 0 0 0 0 0 0 0 0 0 0 0 0 0 0 0 0 0 0 0 0 0 0 0 0 0 0 0 0 0 0 0 0 0 0 0 0 0 0 0 0 0 0 0 0 0 0 0 0 0 0 0 77 68 79 32 101 120 116 114 97 32 100 97 116 97 32 108 111 99 107 0 0 0 0 0 0 0 0 0 0 0 0 0 0 0 0 0 0 0 0 0 0 0 0 0 0 0 0 0 0 0 0 0 0 0 0 0 0 0 0 0 0 0 0 0 0 0 0 0 0 0 0 0 0 0 0 0 0 0 0 0 0 0 0 0 0 0 0 0 0 0 0 0 0 0 0 0 0 0 0 0 0 0 0 0 25 0 0 0 0 0 0 0 0 0 0 0 0 0 0 0 1 0 0 0 0 0 0 0 0 0 0 0 0 0 0 0 0 2 0 0 113 192 44 0 1 0 0 0 0 0 0 0 0 0 0 0 2 0 0 0 0 0 8 0 2 0 0 0 80 0 0 0 255 255 255 255 7 0 1 0 0 0 0 0 data 10 0x10007 0x0 0x40 0x5980e 0xa0007 0x5980e 0x30 0x0 0x120002 0x0 oops 0
ciMethod java/util/Locale getDefault ()Ljava/util/Locale; 2065 1 826 0 0
ciMethod java/util/Locale getLanguage ()Ljava/lang/String; 305 1 1124 0 -1
ciMethod java/lang/CharacterData getType (I)I 0 0 1 0 -1
ciMethod java/lang/CharacterData toLowerCase (I)I 0 0 1 0 -1
ciMethod java/lang/CharacterData toUpperCase (I)I 0 0 1 0 -1
ciMethod java/lang/CharacterData of (I)Ljava/lang/CharacterData; 4097 1 5684 0 96
ciMethod java/lang/CharacterDataLatin1 getProperties (I)I 4097 1 35890 0 0
ciMethod java/lang/CharacterDataLatin1 getType (I)I 2049 1 1488 0 0
ciMethod java/lang/CharacterDataLatin1 toLowerCase (I)I 4097 1 5632 0 160
ciMethod java/lang/CharacterDataLatin1 toUpperCase (I)I 2065 1 5386 0 160
ciMethodData java/lang/Character toLowerCase (I)I 2 26937 orig 264 88 131 106 93 0 0 0 0 248 182 220 22 0 0 0 0 136 1 0 0 0 0 0 0 0 0 0 0 0 0 0 0 0 0 0 0 0 0 0 0 0 0 0 0 0 0 0 0 0 0 0 0 0 0 0 0 0 0 0 0 0 0 0 0 0 0 0 0 0 0 0 0 0 0 0 0 0 0 0 0 77 68 79 32 101 120 116 114 97 32 100 97 116 97 32 108 111 99 107 0 0 0 0 0 0 0 0 0 0 0 0 0 0 0 0 0 0 0 0 0 0 0 0 0 0 0 0 0 0 0 0 0 0 0 0 0 0 0 0 0 0 0 0 0 0 0 0 0 0 0 0 0 0 0 0 0 0 0 0 0 0 0 0 0 0 0 0 0 0 0 0 0 0 0 0 0 0 0 0 0 0 0 0 0 0 0 0 0 0 0 0 0 0 0 0 0 0 0 0 0 0 0 0 0 0 0 0 0 0 0 0 0 0 0 0 0 0 2 0 0 201 57 3 0 1 0 0 0 0 0 0 0 0 0 0 0 2 0 0 0 0 0 3 0 2 0 0 0 64 0 0 0 255 255 255 255 2 0 1 0 0 0 0 0 data 8 0x10002 0x6739 0x50005 0x0 0x19b52d80 0x6739 0x0 0x0 oops 1